<?xml version="1.0" encoding="UTF-8"?>
<!-- Generated by org.testng.reporters.JUnitXMLReporter -->
<testsuite ignored="0" hostname="LTIN409683" failures="0" tests="10" name="Default test" time="0.103" errors="0" timestamp="2024-04-30T17:02:12 IST">
  <testcase classname="TestCases.BasePage" name="@BeforeClass beforeClass" time="-1.714476732112E9">
    <failure type="org.testng.TestNGException" message="
Parameter &amp;apos;url&amp;apos; is required by BeforeClass on method beforeClass but has not been marked @Optional or defined
in C:\Users\2252330\AppData\Local\Temp\testng-eclipse-1402976469\testng-customsuite.xml">
      <![CDATA[org.testng.TestNGException: 
Parameter 'url' is required by BeforeClass on method beforeClass but has not been marked @Optional or defined
in C:\Users\2252330\AppData\Local\Temp\testng-eclipse-1402976469\testng-customsuite.xml
at org.testng.internal.Parameters.createParams(Parameters.java:267)
at org.testng.internal.Parameters.createParametersForMethod(Parameters.java:355)
at org.testng.internal.Parameters.createParameters(Parameters.java:693)
at org.testng.internal.Parameters.createConfigurationParameters(Parameters.java:166)
at org.testng.internal.invokers.ConfigInvoker.invokeConfigurations(ConfigInvoker.java:306)
at org.testng.internal.invokers.TestMethodWorker.invokeBeforeClassMethods(TestMethodWorker.java:180)
at org.testng.internal.invokers.TestMethodWorker.run(TestMethodWorker.java:122)
at java.base/java.util.ArrayList.forEach(ArrayList.java:1541)
at org.testng.TestRunner.privateRun(TestRunner.java:819)
at org.testng.TestRunner.run(TestRunner.java:619)
at org.testng.SuiteRunner.runTest(SuiteRunner.java:443)
at org.testng.SuiteRunner.runSequentially(SuiteRunner.java:437)
at org.testng.SuiteRunner.privateRun(SuiteRunner.java:397)
at org.testng.SuiteRunner.run(SuiteRunner.java:336)
at org.testng.SuiteRunnerWorker.runSuite(SuiteRunnerWorker.java:52)
at org.testng.SuiteRunnerWorker.run(SuiteRunnerWorker.java:95)
at org.testng.TestNG.runSuitesSequentially(TestNG.java:1301)
at org.testng.TestNG.runSuitesLocally(TestNG.java:1228)
at org.testng.TestNG.runSuites(TestNG.java:1134)
at org.testng.TestNG.run(TestNG.java:1101)
at org.testng.remote.AbstractRemoteTestNG.run(AbstractRemoteTestNG.java:115)
at org.testng.remote.RemoteTestNG.initAndRun(RemoteTestNG.java:293)
at org.testng.remote.RemoteTestNG.main(RemoteTestNG.java:91)
]]>
    </failure>
  </testcase> <!-- @BeforeClass beforeClass -->
  <testcase classname="TestCases.BasePage" name="@AfterClass afterClass" time="0.0">
    <skipped/>
  </testcase> <!-- @AfterClass afterClass -->
  <testcase classname="TestCases.Tests" name="open_travel_insurance" time="0.0">
    <skipped/>
  </testcase> <!-- open_travel_insurance -->
  <testcase classname="TestCases.Tests" name="select_destination" time="0.0">
    <skipped/>
  </testcase> <!-- select_destination -->
  <testcase classname="TestCases.Tests" name="click_Date" time="0.0">
    <skipped/>
  </testcase> <!-- click_Date -->
  <testcase classname="TestCases.Tests" name="click_No_of_persons" time="0.0">
    <skipped/>
  </testcase> <!-- click_No_of_persons -->
  <testcase classname="TestCases.Tests" name="MedicalHistory" time="0.0">
    <skipped/>
  </testcase> <!-- MedicalHistory -->
  <testcase classname="TestCases.Tests" name="enter_mob_no" time="0.0">
    <skipped/>
  </testcase> <!-- enter_mob_no -->
  <testcase classname="TestCases.Tests" name="Viewplan" time="0.0">
    <skipped/>
  </testcase> <!-- Viewplan -->
  <testcase classname="TestCases.Tests" name="print_First_Three_companies" time="0.0">
    <skipped/>
  </testcase> <!-- print_First_Three_companies -->
  <testcase classname="TestCases.Tests" name="go_To_Home_Page" time="0.0">
    <skipped/>
  </testcase> <!-- go_To_Home_Page -->
  <testcase classname="TestCases.Tests" name="carInsurance" time="0.001">
    <skipped/>
  </testcase> <!-- carInsurance -->
</testsuite> <!-- Default test -->
